<?xml version='1.0' encoding='UTF-8' ?>
<testsuite name="com.example.lunchtray.OrderFunctionalityTests" tests="1" failures="0" errors="0" skipped="0" time="5.523" timestamp="2022-11-29T17:08:43" hostname="localhost">
  <properties>
    <property name="device" value="Nexus_6_API_31(AVD) - 12" />
    <property name="flavor" value="" />
    <property name="project" value=":app" />
  </properties>
  <testcase name="order_snackbar" classname="com.example.lunchtray.OrderFunctionalityTests" time="4.623" />
</testsuite>